[0.120s] DEBUG:colcon:Command line arguments: ['/usr/bin/colcon', 'build']
[0.120s] DEBUG:colcon:Parsed command line arguments: Namespace(log_base=None, log_level=None, verb_name='build', build_base='build', install_base='install', merge_install=False, symlink_install=False, test_result_base=None, continue_on_error=False, executor='parallel', parallel_workers=4, event_handlers=None, ignore_user_meta=False, metas=['./colcon.meta'], base_paths=['.'], packages_ignore=None, packages_ignore_regex=None, paths=None, packages_up_to=None, packages_up_to_regex=None, packages_above=None, packages_above_and_dependencies=None, packages_above_depth=None, packages_select_by_dep=None, packages_skip_by_dep=None, packages_skip_up_to=None, packages_select_build_failed=False, packages_skip_build_finished=False, packages_select_test_failures=False, packages_skip_test_passed=False, packages_select=None, packages_skip=None, packages_select_regex=None, packages_skip_regex=None, packages_start=None, packages_end=None, allow_overriding=[], cmake_args=None, cmake_target=None, cmake_target_skip_unavailable=False, cmake_clean_cache=False, cmake_clean_first=False, cmake_force_configure=False, ament_cmake_args=None, catkin_cmake_args=None, catkin_skip_building_tests=False, mixin_files=None, mixin=None, verb_parser=<colcon_mixin.mixin.mixin_argument.MixinArgumentDecorator object at 0x79834b07c550>, verb_extension=<colcon_core.verb.build.BuildVerb object at 0x79834b053e80>, main=<bound method BuildVerb.main of <colcon_core.verb.build.BuildVerb object at 0x79834b053e80>>, mixin_verb=('build',))
[0.316s] Level 1:colcon.colcon_core.package_discovery:discover_packages(colcon_meta) check parameters
[0.317s] Level 1:colcon.colcon_core.package_discovery:discover_packages(recursive) check parameters
[0.317s] Level 1:colcon.colcon_core.package_discovery:discover_packages(ignore) check parameters
[0.317s] Level 1:colcon.colcon_core.package_discovery:discover_packages(path) check parameters
[0.317s] Level 1:colcon.colcon_core.package_discovery:discover_packages(colcon_meta) discover
[0.317s] Level 1:colcon.colcon_core.package_discovery:discover_packages(recursive) discover
[0.317s] INFO:colcon.colcon_core.package_discovery:Crawling recursively for packages in '/home/gopi/ros_simpleproj/ros_ws1'
[0.317s] Level 1:colcon.colcon_core.package_identification:_identify(.) by extensions ['ignore', 'ignore_ament_install']
[0.317s] Level 1:colcon.colcon_core.package_identification:_identify(.) by extension 'ignore'
[0.317s] Level 1:colcon.colcon_core.package_identification:_identify(.) by extension 'ignore_ament_install'
[0.317s] Level 1:colcon.colcon_core.package_identification:_identify(.) by extensions ['colcon_pkg']
[0.317s] Level 1:colcon.colcon_core.package_identification:_identify(.) by extension 'colcon_pkg'
[0.317s] Level 1:colcon.colcon_core.package_identification:_identify(.) by extensions ['colcon_meta']
[0.317s] Level 1:colcon.colcon_core.package_identification:_identify(.) by extension 'colcon_meta'
[0.317s] Level 1:colcon.colcon_core.package_identification:_identify(.) by extensions ['ros']
[0.317s] Level 1:colcon.colcon_core.package_identification:_identify(.) by extension 'ros'
[0.325s] Level 1:colcon.colcon_core.package_identification:_identify(.) by extensions ['cmake', 'python']
[0.325s] Level 1:colcon.colcon_core.package_identification:_identify(.) by extension 'cmake'
[0.325s] Level 1:colcon.colcon_core.package_identification:_identify(.) by extension 'python'
[0.325s] Level 1:colcon.colcon_core.package_identification:_identify(.) by extensions ['python_setup_py']
[0.325s] Level 1:colcon.colcon_core.package_identification:_identify(.) by extension 'python_setup_py'
[0.325s] Level 1:colcon.colcon_core.package_identification:_identify(build) by extensions ['ignore', 'ignore_ament_install']
[0.326s] Level 1:colcon.colcon_core.package_identification:_identify(build) by extension 'ignore'
[0.326s] Level 1:colcon.colcon_core.package_identification:_identify(build) ignored
[0.326s] Level 1:colcon.colcon_core.package_identification:_identify(install) by extensions ['ignore', 'ignore_ament_install']
[0.326s] Level 1:colcon.colcon_core.package_identification:_identify(install) by extension 'ignore'
[0.326s] Level 1:colcon.colcon_core.package_identification:_identify(install) ignored
[0.326s] Level 1:colcon.colcon_core.package_identification:_identify(log) by extensions ['ignore', 'ignore_ament_install']
[0.326s] Level 1:colcon.colcon_core.package_identification:_identify(log) by extension 'ignore'
[0.326s] Level 1:colcon.colcon_core.package_identification:_identify(log) ignored
[0.326s] Level 1:colcon.colcon_core.package_identification:_identify(src) by extensions ['ignore', 'ignore_ament_install']
[0.326s] Level 1:colcon.colcon_core.package_identification:_identify(src) by extension 'ignore'
[0.326s] Level 1:colcon.colcon_core.package_identification:_identify(src) by extension 'ignore_ament_install'
[0.326s] Level 1:colcon.colcon_core.package_identification:_identify(src) by extensions ['colcon_pkg']
[0.326s] Level 1:colcon.colcon_core.package_identification:_identify(src) by extension 'colcon_pkg'
[0.326s] Level 1:colcon.colcon_core.package_identification:_identify(src) by extensions ['colcon_meta']
[0.326s] Level 1:colcon.colcon_core.package_identification:_identify(src) by extension 'colcon_meta'
[0.326s] Level 1:colcon.colcon_core.package_identification:_identify(src) by extensions ['ros']
[0.326s] Level 1:colcon.colcon_core.package_identification:_identify(src) by extension 'ros'
[0.326s] Level 1:colcon.colcon_core.package_identification:_identify(src) by extensions ['cmake', 'python']
[0.326s] Level 1:colcon.colcon_core.package_identification:_identify(src) by extension 'cmake'
[0.326s] Level 1:colcon.colcon_core.package_identification:_identify(src) by extension 'python'
[0.326s] Level 1:colcon.colcon_core.package_identification:_identify(src) by extensions ['python_setup_py']
[0.326s] Level 1:colcon.colcon_core.package_identification:_identify(src) by extension 'python_setup_py'
[0.326s] Level 1:colcon.colcon_core.package_identification:_identify(src/p2) by extensions ['ignore', 'ignore_ament_install']
[0.326s] Level 1:colcon.colcon_core.package_identification:_identify(src/p2) by extension 'ignore'
[0.326s] Level 1:colcon.colcon_core.package_identification:_identify(src/p2) by extension 'ignore_ament_install'
[0.326s] Level 1:colcon.colcon_core.package_identification:_identify(src/p2) by extensions ['colcon_pkg']
[0.326s] Level 1:colcon.colcon_core.package_identification:_identify(src/p2) by extension 'colcon_pkg'
[0.326s] Level 1:colcon.colcon_core.package_identification:_identify(src/p2) by extensions ['colcon_meta']
[0.326s] Level 1:colcon.colcon_core.package_identification:_identify(src/p2) by extension 'colcon_meta'
[0.326s] Level 1:colcon.colcon_core.package_identification:_identify(src/p2) by extensions ['ros']
[0.327s] Level 1:colcon.colcon_core.package_identification:_identify(src/p2) by extension 'ros'
[0.329s] DEBUG:colcon.colcon_core.package_identification:Package 'src/p2' with type 'ros.ament_python' and name 'p2'
[0.329s] Level 1:colcon.colcon_core.package_discovery:discover_packages(recursive) using defaults
[0.329s] Level 1:colcon.colcon_core.package_discovery:discover_packages(ignore) discover
[0.329s] Level 1:colcon.colcon_core.package_discovery:discover_packages(ignore) using defaults
[0.329s] Level 1:colcon.colcon_core.package_discovery:discover_packages(path) discover
[0.329s] Level 1:colcon.colcon_core.package_discovery:discover_packages(path) using defaults
[0.359s] Level 1:colcon.colcon_core.package_discovery:discover_packages(prefix_path) check parameters
[0.359s] Level 1:colcon.colcon_core.package_discovery:discover_packages(prefix_path) discover
[0.361s] DEBUG:colcon.colcon_installed_package_information.package_discovery:Found 1 installed packages in /home/gopi/ros_simpleproj/ros_ws1/install
[0.362s] DEBUG:colcon.colcon_installed_package_information.package_discovery:Found 376 installed packages in /opt/ros/humble
[0.364s] Level 1:colcon.colcon_core.package_discovery:discover_packages(prefix_path) using defaults
[0.394s] Level 5:colcon.colcon_core.verb:set package 'p2' build argument 'cmake_args' from command line to 'None'
[0.394s] Level 5:colcon.colcon_core.verb:set package 'p2' build argument 'cmake_target' from command line to 'None'
[0.394s] Level 5:colcon.colcon_core.verb:set package 'p2' build argument 'cmake_target_skip_unavailable' from command line to 'False'
[0.394s] Level 5:colcon.colcon_core.verb:set package 'p2' build argument 'cmake_clean_cache' from command line to 'False'
[0.394s] Level 5:colcon.colcon_core.verb:set package 'p2' build argument 'cmake_clean_first' from command line to 'False'
[0.394s] Level 5:colcon.colcon_core.verb:set package 'p2' build argument 'cmake_force_configure' from command line to 'False'
[0.394s] Level 5:colcon.colcon_core.verb:set package 'p2' build argument 'ament_cmake_args' from command line to 'None'
[0.394s] Level 5:colcon.colcon_core.verb:set package 'p2' build argument 'catkin_cmake_args' from command line to 'None'
[0.394s] Level 5:colcon.colcon_core.verb:set package 'p2' build argument 'catkin_skip_building_tests' from command line to 'False'
[0.394s] DEBUG:colcon.colcon_core.verb:Building package 'p2' with the following arguments: {'ament_cmake_args': None, 'build_base': '/home/gopi/ros_simpleproj/ros_ws1/build/p2', 'catkin_cmake_args': None, 'catkin_skip_building_tests': False, 'cmake_args': None, 'cmake_clean_cache': False, 'cmake_clean_first': False, 'cmake_force_configure': False, 'cmake_target': None, 'cmake_target_skip_unavailable': False, 'install_base': '/home/gopi/ros_simpleproj/ros_ws1/install/p2', 'merge_install': False, 'path': '/home/gopi/ros_simpleproj/ros_ws1/src/p2', 'symlink_install': False, 'test_result_base': None}
[0.395s] INFO:colcon.colcon_core.executor:Executing jobs using 'parallel' executor
[0.395s] DEBUG:colcon.colcon_parallel_executor.executor.parallel:run_until_complete
[0.396s] INFO:colcon.colcon_ros.task.ament_python.build:Building ROS package in '/home/gopi/ros_simpleproj/ros_ws1/src/p2' with build type 'ament_python'
[0.396s] Level 1:colcon.colcon_core.shell:create_environment_hook('p2', 'ament_prefix_path')
[0.399s] INFO:colcon.colcon_core.plugin_system:Skipping extension 'colcon_core.shell.bat': Not used on non-Windows systems
[0.399s] INFO:colcon.colcon_core.shell:Creating environment hook '/home/gopi/ros_simpleproj/ros_ws1/install/p2/share/p2/hook/ament_prefix_path.ps1'
[0.400s] INFO:colcon.colcon_core.shell:Creating environment descriptor '/home/gopi/ros_simpleproj/ros_ws1/install/p2/share/p2/hook/ament_prefix_path.dsv'
[0.400s] INFO:colcon.colcon_core.shell:Creating environment hook '/home/gopi/ros_simpleproj/ros_ws1/install/p2/share/p2/hook/ament_prefix_path.sh'
[0.401s] INFO:colcon.colcon_core.shell:Skip shell extension 'powershell' for command environment: Not usable outside of PowerShell
[0.401s] DEBUG:colcon.colcon_core.shell:Skip shell extension 'dsv' for command environment
[0.605s] WARNING:colcon.colcon_ros.task.ament_python.build:Package 'p2' doesn't explicitly install a marker in the package index (colcon-ros currently does it implicitly but that fallback will be removed in the future)
[0.606s] INFO:colcon.colcon_core.task.python.build:Building Python package in '/home/gopi/ros_simpleproj/ros_ws1/src/p2'
[0.606s] INFO:colcon.colcon_core.shell:Skip shell extension 'powershell' for command environment: Not usable outside of PowerShell
[0.606s] DEBUG:colcon.colcon_core.shell:Skip shell extension 'dsv' for command environment
[0.904s] DEBUG:colcon.colcon_core.event_handler.log_command:Invoking command in '/home/gopi/ros_simpleproj/ros_ws1/src/p2': PYTHONPATH=/home/gopi/ros_simpleproj/ros_ws1/build/p2/prefix_override:/usr/lib/python3/dist-packages/colcon_core/task/python/colcon_distutils_commands:/home/gopi/ros_simpleproj/ros_ws1/install/p2/lib/python3.10/site-packages:${PYTHONPATH} /usr/bin/python3 -W ignore:setup.py install is deprecated setup.py egg_info --egg-base ../../build/p2 build --build-base /home/gopi/ros_simpleproj/ros_ws1/build/p2/build install --record /home/gopi/ros_simpleproj/ros_ws1/build/p2/install.log --single-version-externally-managed install_data
[1.126s] DEBUG:colcon.colcon_core.event_handler.log_command:Invoked command in '/home/gopi/ros_simpleproj/ros_ws1/src/p2' returned '0': PYTHONPATH=/home/gopi/ros_simpleproj/ros_ws1/build/p2/prefix_override:/usr/lib/python3/dist-packages/colcon_core/task/python/colcon_distutils_commands:/home/gopi/ros_simpleproj/ros_ws1/install/p2/lib/python3.10/site-packages:${PYTHONPATH} /usr/bin/python3 -W ignore:setup.py install is deprecated setup.py egg_info --egg-base ../../build/p2 build --build-base /home/gopi/ros_simpleproj/ros_ws1/build/p2/build install --record /home/gopi/ros_simpleproj/ros_ws1/build/p2/install.log --single-version-externally-managed install_data
[1.130s] Level 1:colcon.colcon_core.environment:checking '/home/gopi/ros_simpleproj/ros_ws1/install/p2' for CMake module files
[1.131s] Level 1:colcon.colcon_core.environment:checking '/home/gopi/ros_simpleproj/ros_ws1/install/p2' for CMake config files
[1.131s] Level 1:colcon.colcon_core.environment:checking '/home/gopi/ros_simpleproj/ros_ws1/install/p2/lib'
[1.131s] Level 1:colcon.colcon_core.environment:checking '/home/gopi/ros_simpleproj/ros_ws1/install/p2/bin'
[1.131s] Level 1:colcon.colcon_core.environment:checking '/home/gopi/ros_simpleproj/ros_ws1/install/p2/lib/pkgconfig/p2.pc'
[1.132s] Level 1:colcon.colcon_core.environment:checking '/home/gopi/ros_simpleproj/ros_ws1/install/p2/lib/python3.10/site-packages'
[1.132s] Level 1:colcon.colcon_core.shell:create_environment_hook('p2', 'pythonpath')
[1.132s] INFO:colcon.colcon_core.shell:Creating environment hook '/home/gopi/ros_simpleproj/ros_ws1/install/p2/share/p2/hook/pythonpath.ps1'
[1.132s] INFO:colcon.colcon_core.shell:Creating environment descriptor '/home/gopi/ros_simpleproj/ros_ws1/install/p2/share/p2/hook/pythonpath.dsv'
[1.132s] INFO:colcon.colcon_core.shell:Creating environment hook '/home/gopi/ros_simpleproj/ros_ws1/install/p2/share/p2/hook/pythonpath.sh'
[1.133s] Level 1:colcon.colcon_core.environment:checking '/home/gopi/ros_simpleproj/ros_ws1/install/p2/bin'
[1.133s] Level 1:colcon.colcon_core.environment:create_environment_scripts_only(p2)
[1.133s] INFO:colcon.colcon_core.shell:Creating package script '/home/gopi/ros_simpleproj/ros_ws1/install/p2/share/p2/package.ps1'
[1.133s] INFO:colcon.colcon_core.shell:Creating package descriptor '/home/gopi/ros_simpleproj/ros_ws1/install/p2/share/p2/package.dsv'
[1.134s] INFO:colcon.colcon_core.shell:Creating package script '/home/gopi/ros_simpleproj/ros_ws1/install/p2/share/p2/package.sh'
[1.134s] INFO:colcon.colcon_core.shell:Creating package script '/home/gopi/ros_simpleproj/ros_ws1/install/p2/share/p2/package.bash'
[1.135s] INFO:colcon.colcon_core.shell:Creating package script '/home/gopi/ros_simpleproj/ros_ws1/install/p2/share/p2/package.zsh'
[1.136s] Level 1:colcon.colcon_core.environment:create_file_with_runtime_dependencies(/home/gopi/ros_simpleproj/ros_ws1/install/p2/share/colcon-core/packages/p2)
[1.136s] DEBUG:colcon.colcon_parallel_executor.executor.parallel:closing loop
[1.136s] DEBUG:colcon.colcon_parallel_executor.executor.parallel:loop closed
[1.136s] DEBUG:colcon.colcon_parallel_executor.executor.parallel:run_until_complete finished with '0'
[1.136s] DEBUG:colcon.colcon_core.event_reactor:joining thread
[1.140s] INFO:colcon.colcon_core.plugin_system:Skipping extension 'colcon_notification.desktop_notification.terminal_notifier': Not used on non-Darwin systems
[1.140s] INFO:colcon.colcon_core.plugin_system:Skipping extension 'colcon_notification.desktop_notification.win32': Not used on non-Windows systems
[1.140s] INFO:colcon.colcon_notification.desktop_notification:Sending desktop notification using 'notify2'
[1.152s] DEBUG:colcon.colcon_core.event_reactor:joined thread
[1.152s] INFO:colcon.colcon_core.shell:Creating prefix script '/home/gopi/ros_simpleproj/ros_ws1/install/local_setup.ps1'
[1.153s] INFO:colcon.colcon_core.shell:Creating prefix util module '/home/gopi/ros_simpleproj/ros_ws1/install/_local_setup_util_ps1.py'
[1.154s] INFO:colcon.colcon_core.shell:Creating prefix chain script '/home/gopi/ros_simpleproj/ros_ws1/install/setup.ps1'
[1.155s] INFO:colcon.colcon_core.shell:Creating prefix script '/home/gopi/ros_simpleproj/ros_ws1/install/local_setup.sh'
[1.155s] INFO:colcon.colcon_core.shell:Creating prefix util module '/home/gopi/ros_simpleproj/ros_ws1/install/_local_setup_util_sh.py'
[1.155s] INFO:colcon.colcon_core.shell:Creating prefix chain script '/home/gopi/ros_simpleproj/ros_ws1/install/setup.sh'
[1.156s] INFO:colcon.colcon_core.shell:Creating prefix script '/home/gopi/ros_simpleproj/ros_ws1/install/local_setup.bash'
[1.156s] INFO:colcon.colcon_core.shell:Creating prefix chain script '/home/gopi/ros_simpleproj/ros_ws1/install/setup.bash'
[1.157s] INFO:colcon.colcon_core.shell:Creating prefix script '/home/gopi/ros_simpleproj/ros_ws1/install/local_setup.zsh'
[1.158s] INFO:colcon.colcon_core.shell:Creating prefix chain script '/home/gopi/ros_simpleproj/ros_ws1/install/setup.zsh'
