[0.552s] Invoking command in '/home/gopi/w1/src/p2': PYTHONPATH=/home/gopi/w1/build/p2/prefix_override:/usr/lib/python3/dist-packages/colcon_core/task/python/colcon_distutils_commands:/home/gopi/w1/install/p2/lib/python3.10/site-packages:${PYTHONPATH} /usr/bin/python3 -W ignore:setup.py install is deprecated setup.py egg_info --egg-base ../../build/p2 build --build-base /home/gopi/w1/build/p2/build install --record /home/gopi/w1/build/p2/install.log --single-version-externally-managed
[0.723s] running egg_info
[0.723s] creating ../../build/p2/p2.egg-info
[0.723s] writing ../../build/p2/p2.egg-info/PKG-INFO
[0.724s] writing dependency_links to ../../build/p2/p2.egg-info/dependency_links.txt
[0.724s] writing entry points to ../../build/p2/p2.egg-info/entry_points.txt
[0.724s] writing requirements to ../../build/p2/p2.egg-info/requires.txt
[0.724s] writing top-level names to ../../build/p2/p2.egg-info/top_level.txt
[0.724s] writing manifest file '../../build/p2/p2.egg-info/SOURCES.txt'
[0.725s] reading manifest file '../../build/p2/p2.egg-info/SOURCES.txt'
[0.725s] writing manifest file '../../build/p2/p2.egg-info/SOURCES.txt'
[0.725s] running build
[0.726s] running build_py
[0.726s] creating /home/gopi/w1/build/p2/build
[0.726s] creating /home/gopi/w1/build/p2/build/lib
[0.726s] creating /home/gopi/w1/build/p2/build/lib/p2
[0.726s] copying p2/subscriber.py -> /home/gopi/w1/build/p2/build/lib/p2
[0.726s] copying p2/__init__.py -> /home/gopi/w1/build/p2/build/lib/p2
[0.726s] copying p2/publisher.py -> /home/gopi/w1/build/p2/build/lib/p2
[0.726s] running install
[0.726s] running install_lib
[0.727s] creating /home/gopi/w1/install/p2/lib/python3.10/site-packages/p2
[0.727s] copying /home/gopi/w1/build/p2/build/lib/p2/subscriber.py -> /home/gopi/w1/install/p2/lib/python3.10/site-packages/p2
[0.727s] copying /home/gopi/w1/build/p2/build/lib/p2/__init__.py -> /home/gopi/w1/install/p2/lib/python3.10/site-packages/p2
[0.727s] copying /home/gopi/w1/build/p2/build/lib/p2/publisher.py -> /home/gopi/w1/install/p2/lib/python3.10/site-packages/p2
[0.727s] byte-compiling /home/gopi/w1/install/p2/lib/python3.10/site-packages/p2/subscriber.py to subscriber.cpython-310.pyc
[0.727s] byte-compiling /home/gopi/w1/install/p2/lib/python3.10/site-packages/p2/__init__.py to __init__.cpython-310.pyc
[0.728s] byte-compiling /home/gopi/w1/install/p2/lib/python3.10/site-packages/p2/publisher.py to publisher.cpython-310.pyc
[0.728s] running install_egg_info
[0.729s] Copying ../../build/p2/p2.egg-info to /home/gopi/w1/install/p2/lib/python3.10/site-packages/p2-0.0.0-py3.10.egg-info
[0.730s] running install_scripts
[0.746s] Installing publisher script to /home/gopi/w1/install/p2/lib/p2
[0.746s] Installing subscriber script to /home/gopi/w1/install/p2/lib/p2
[0.746s] writing list of installed files to '/home/gopi/w1/build/p2/install.log'
[0.765s] Invoked command in '/home/gopi/w1/src/p2' returned '0': PYTHONPATH=/home/gopi/w1/build/p2/prefix_override:/usr/lib/python3/dist-packages/colcon_core/task/python/colcon_distutils_commands:/home/gopi/w1/install/p2/lib/python3.10/site-packages:${PYTHONPATH} /usr/bin/python3 -W ignore:setup.py install is deprecated setup.py egg_info --egg-base ../../build/p2 build --build-base /home/gopi/w1/build/p2/build install --record /home/gopi/w1/build/p2/install.log --single-version-externally-managed
