running egg_info
creating ../../build/p2/p2.egg-info
writing ../../build/p2/p2.egg-info/PKG-INFO
writing dependency_links to ../../build/p2/p2.egg-info/dependency_links.txt
writing entry points to ../../build/p2/p2.egg-info/entry_points.txt
writing requirements to ../../build/p2/p2.egg-info/requires.txt
writing top-level names to ../../build/p2/p2.egg-info/top_level.txt
writing manifest file '../../build/p2/p2.egg-info/SOURCES.txt'
reading manifest file '../../build/p2/p2.egg-info/SOURCES.txt'
writing manifest file '../../build/p2/p2.egg-info/SOURCES.txt'
running build
running build_py
creating /home/gopi/w1/build/p2/build
creating /home/gopi/w1/build/p2/build/lib
creating /home/gopi/w1/build/p2/build/lib/p2
copying p2/subscriber.py -> /home/gopi/w1/build/p2/build/lib/p2
copying p2/__init__.py -> /home/gopi/w1/build/p2/build/lib/p2
copying p2/publisher.py -> /home/gopi/w1/build/p2/build/lib/p2
running install
running install_lib
creating /home/gopi/w1/install/p2/lib/python3.10/site-packages/p2
copying /home/gopi/w1/build/p2/build/lib/p2/subscriber.py -> /home/gopi/w1/install/p2/lib/python3.10/site-packages/p2
copying /home/gopi/w1/build/p2/build/lib/p2/__init__.py -> /home/gopi/w1/install/p2/lib/python3.10/site-packages/p2
copying /home/gopi/w1/build/p2/build/lib/p2/publisher.py -> /home/gopi/w1/install/p2/lib/python3.10/site-packages/p2
byte-compiling /home/gopi/w1/install/p2/lib/python3.10/site-packages/p2/subscriber.py to subscriber.cpython-310.pyc
byte-compiling /home/gopi/w1/install/p2/lib/python3.10/site-packages/p2/__init__.py to __init__.cpython-310.pyc
byte-compiling /home/gopi/w1/install/p2/lib/python3.10/site-packages/p2/publisher.py to publisher.cpython-310.pyc
running install_egg_info
Copying ../../build/p2/p2.egg-info to /home/gopi/w1/install/p2/lib/python3.10/site-packages/p2-0.0.0-py3.10.egg-info
running install_scripts
Installing publisher script to /home/gopi/w1/install/p2/lib/p2
Installing subscriber script to /home/gopi/w1/install/p2/lib/p2
writing list of installed files to '/home/gopi/w1/build/p2/install.log'
