running egg_info
writing ../../build/p2/p2.egg-info/PKG-INFO
writing dependency_links to ../../build/p2/p2.egg-info/dependency_links.txt
writing entry points to ../../build/p2/p2.egg-info/entry_points.txt
writing requirements to ../../build/p2/p2.egg-info/requires.txt
writing top-level names to ../../build/p2/p2.egg-info/top_level.txt
reading manifest file '../../build/p2/p2.egg-info/SOURCES.txt'
writing manifest file '../../build/p2/p2.egg-info/SOURCES.txt'
running build
running build_py
copying p2/subscriber.py -> /home/gopi/ros_simpleproj/ros_ws1/build/p2/build/lib/p2
copying p2/publisher.py -> /home/gopi/ros_simpleproj/ros_ws1/build/p2/build/lib/p2
running install
running install_lib
copying /home/gopi/ros_simpleproj/ros_ws1/build/p2/build/lib/p2/subscriber.py -> /home/gopi/ros_simpleproj/ros_ws1/install/p2/lib/python3.10/site-packages/p2
copying /home/gopi/ros_simpleproj/ros_ws1/build/p2/build/lib/p2/publisher.py -> /home/gopi/ros_simpleproj/ros_ws1/install/p2/lib/python3.10/site-packages/p2
byte-compiling /home/gopi/ros_simpleproj/ros_ws1/install/p2/lib/python3.10/site-packages/p2/subscriber.py to subscriber.cpython-310.pyc
byte-compiling /home/gopi/ros_simpleproj/ros_ws1/install/p2/lib/python3.10/site-packages/p2/publisher.py to publisher.cpython-310.pyc
running install_data
copying launch/pubsub.launch.py -> /home/gopi/ros_simpleproj/ros_ws1/install/p2/share/p2
running install_egg_info
removing '/home/gopi/ros_simpleproj/ros_ws1/install/p2/lib/python3.10/site-packages/p2-0.0.0-py3.10.egg-info' (and everything under it)
Copying ../../build/p2/p2.egg-info to /home/gopi/ros_simpleproj/ros_ws1/install/p2/lib/python3.10/site-packages/p2-0.0.0-py3.10.egg-info
running install_scripts
Installing publisher script to /home/gopi/ros_simpleproj/ros_ws1/install/p2/lib/p2
Installing subscriber script to /home/gopi/ros_simpleproj/ros_ws1/install/p2/lib/p2
writing list of installed files to '/home/gopi/ros_simpleproj/ros_ws1/build/p2/install.log'
