[0.464s] Invoking command in '/home/gopi/ros_simpleproj/ros_ws1/src/p2': PYTHONPATH=/home/gopi/ros_simpleproj/ros_ws1/build/p2/prefix_override:/usr/lib/python3/dist-packages/colcon_core/task/python/colcon_distutils_commands:/home/gopi/ros_simpleproj/ros_ws1/install/p2/lib/python3.10/site-packages:${PYTHONPATH} /usr/bin/python3 -W ignore:setup.py install is deprecated setup.py egg_info --egg-base ../../build/p2 build --build-base /home/gopi/ros_simpleproj/ros_ws1/build/p2/build install --record /home/gopi/ros_simpleproj/ros_ws1/build/p2/install.log --single-version-externally-managed install_data
[0.638s] running egg_info
[0.638s] writing ../../build/p2/p2.egg-info/PKG-INFO
[0.638s] writing dependency_links to ../../build/p2/p2.egg-info/dependency_links.txt
[0.639s] writing entry points to ../../build/p2/p2.egg-info/entry_points.txt
[0.639s] writing requirements to ../../build/p2/p2.egg-info/requires.txt
[0.639s] writing top-level names to ../../build/p2/p2.egg-info/top_level.txt
[0.641s] reading manifest file '../../build/p2/p2.egg-info/SOURCES.txt'
[0.641s] writing manifest file '../../build/p2/p2.egg-info/SOURCES.txt'
[0.641s] running build
[0.641s] running build_py
[0.641s] copying p2/subscriber.py -> /home/gopi/ros_simpleproj/ros_ws1/build/p2/build/lib/p2
[0.642s] copying p2/publisher.py -> /home/gopi/ros_simpleproj/ros_ws1/build/p2/build/lib/p2
[0.642s] running install
[0.642s] running install_lib
[0.643s] copying /home/gopi/ros_simpleproj/ros_ws1/build/p2/build/lib/p2/subscriber.py -> /home/gopi/ros_simpleproj/ros_ws1/install/p2/lib/python3.10/site-packages/p2
[0.643s] copying /home/gopi/ros_simpleproj/ros_ws1/build/p2/build/lib/p2/publisher.py -> /home/gopi/ros_simpleproj/ros_ws1/install/p2/lib/python3.10/site-packages/p2
[0.644s] byte-compiling /home/gopi/ros_simpleproj/ros_ws1/install/p2/lib/python3.10/site-packages/p2/subscriber.py to subscriber.cpython-310.pyc
[0.644s] byte-compiling /home/gopi/ros_simpleproj/ros_ws1/install/p2/lib/python3.10/site-packages/p2/publisher.py to publisher.cpython-310.pyc
[0.645s] running install_data
[0.645s] copying launch/pubsub.launch.py -> /home/gopi/ros_simpleproj/ros_ws1/install/p2/share/p2
[0.645s] running install_egg_info
[0.646s] removing '/home/gopi/ros_simpleproj/ros_ws1/install/p2/lib/python3.10/site-packages/p2-0.0.0-py3.10.egg-info' (and everything under it)
[0.647s] Copying ../../build/p2/p2.egg-info to /home/gopi/ros_simpleproj/ros_ws1/install/p2/lib/python3.10/site-packages/p2-0.0.0-py3.10.egg-info
[0.647s] running install_scripts
[0.661s] Installing publisher script to /home/gopi/ros_simpleproj/ros_ws1/install/p2/lib/p2
[0.661s] Installing subscriber script to /home/gopi/ros_simpleproj/ros_ws1/install/p2/lib/p2
[0.662s] writing list of installed files to '/home/gopi/ros_simpleproj/ros_ws1/build/p2/install.log'
[0.680s] Invoked command in '/home/gopi/ros_simpleproj/ros_ws1/src/p2' returned '0': PYTHONPATH=/home/gopi/ros_simpleproj/ros_ws1/build/p2/prefix_override:/usr/lib/python3/dist-packages/colcon_core/task/python/colcon_distutils_commands:/home/gopi/ros_simpleproj/ros_ws1/install/p2/lib/python3.10/site-packages:${PYTHONPATH} /usr/bin/python3 -W ignore:setup.py install is deprecated setup.py egg_info --egg-base ../../build/p2 build --build-base /home/gopi/ros_simpleproj/ros_ws1/build/p2/build install --record /home/gopi/ros_simpleproj/ros_ws1/build/p2/install.log --single-version-externally-managed install_data
